\BOOKMARK [0][-]{chapter.1}{Projektziele}{}% 1
\BOOKMARK [0][-]{chapter.2}{Konzept}{}% 2
\BOOKMARK [1][-]{section.2.1}{Blockschema}{chapter.2}% 3
\BOOKMARK [1][-]{section.2.2}{Hardware}{chapter.2}% 4
\BOOKMARK [2][-]{subsection.2.2.1}{BT-Beacon}{section.2.2}% 5
\BOOKMARK [2][-]{subsection.2.2.2}{Bluetoothmodul}{section.2.2}% 6
\BOOKMARK [2][-]{subsection.2.2.3}{ICSP-Header}{section.2.2}% 7
\BOOKMARK [2][-]{subsection.2.2.4}{Audioboard}{section.2.2}% 8
\BOOKMARK [2][-]{subsection.2.2.5}{Audiooutput}{section.2.2}% 9
\BOOKMARK [2][-]{subsection.2.2.6}{SD-Karte}{section.2.2}% 10
\BOOKMARK [2][-]{subsection.2.2.7}{Tasten}{section.2.2}% 11
\BOOKMARK [2][-]{subsection.2.2.8}{Energieversorgung}{section.2.2}% 12
\BOOKMARK [1][-]{section.2.3}{Software}{chapter.2}% 13
\BOOKMARK [2][-]{subsection.2.3.1}{Software Mikrocontroller}{section.2.3}% 14
\BOOKMARK [2][-]{subsection.2.3.2}{Software PC}{section.2.3}% 15
\BOOKMARK [0][-]{chapter.3}{Testkonzept}{}% 16
\BOOKMARK [1][-]{section.3.1}{Gesamtsystem}{chapter.3}% 17
\BOOKMARK [1][-]{section.3.2}{Hardware}{chapter.3}% 18
\BOOKMARK [1][-]{section.3.3}{Software}{chapter.3}% 19
\BOOKMARK [0][-]{section.3.3}{Literaturverzeichnis}{}% 20
\BOOKMARK [0][-]{chapter*.19}{Anhang}{}% 21
